2022-07-03 09:35:23,560 INFO notifyConnectTimeout:200

2022-07-03 09:35:23,564 INFO notifySocketTimeout:8000

2022-07-03 09:35:23,564 INFO isHealthCheck:true

2022-07-03 09:35:23,564 INFO maxHealthCheckFailCount:12

2022-07-03 09:35:23,564 INFO maxContent:10485760

2022-07-03 09:35:24,583 INFO Schema 'NACOS' already exists.

2022-07-03 09:35:24,667 INFO Table/View 'CONFIG_INFO' already exists in Schema 'NACOS'.

2022-07-03 09:35:24,771 INFO Table/View 'HIS_CONFIG_INFO' already exists in Schema 'NACOS'.

2022-07-03 09:35:24,805 INFO Table/View 'CONFIG_INFO_BETA' already exists in Schema 'NACOS'.

2022-07-03 09:35:24,824 INFO Table/View 'CONFIG_INFO_TAG' already exists in Schema 'NACOS'.

2022-07-03 09:35:24,833 INFO Table/View 'CONFIG_INFO_AGGR' already exists in Schema 'NACOS'.

2022-07-03 09:35:24,847 INFO Table/View 'APP_LIST' already exists in Schema 'NACOS'.

2022-07-03 09:35:24,859 INFO Table/View 'APP_CONFIGDATA_RELATION_SUBS' already exists in Schema 'NACOS'.

2022-07-03 09:35:24,867 INFO Table/View 'APP_CONFIGDATA_RELATION_PUBS' already exists in Schema 'NACOS'.

2022-07-03 09:35:24,872 INFO Table/View 'CONFIG_TAGS_RELATION' already exists in Schema 'NACOS'.

2022-07-03 09:35:24,891 INFO Table/View 'GROUP_CAPACITY' already exists in Schema 'NACOS'.

2022-07-03 09:35:24,901 INFO Table/View 'TENANT_CAPACITY' already exists in Schema 'NACOS'.

2022-07-03 09:35:24,909 INFO Table/View 'TENANT_INFO' already exists in Schema 'NACOS'.

2022-07-03 09:35:24,920 INFO Table/View 'USERS' already exists in Schema 'NACOS'.

2022-07-03 09:35:24,927 INFO Table/View 'ROLES' already exists in Schema 'NACOS'.

2022-07-03 09:35:25,069 INFO The statement was aborted because it would have caused a duplicate key value in a unique or primary key constraint or unique index identified by 'SQL220622160113670' defined on 'USERS'.

2022-07-03 09:35:26,158 INFO ServerListService address-server port:8848

2022-07-03 09:35:26,162 INFO ADDRESS_SERVER_URL:http://jmenv.tbsite.net:8080/nacos/serverlist

2022-07-03 09:35:26,170 WARN [serverlist] updated to [192.168.1.128]

2022-07-03 09:35:26,447 WARN DumpService start

2022-07-03 09:35:26,449 INFO start clear all config-info.

2022-07-03 09:35:26,456 WARN clear all config-info failed.

2022-07-03 09:35:26,456 WARN clear all config-info-tenant failed.

2022-07-03 09:35:26,607 INFO start clear all config-info-beta.

2022-07-03 09:35:26,607 WARN clear all config-info-beta failed.

2022-07-03 09:35:26,607 WARN clear all config-info-beta-tenant failed.

2022-07-03 09:35:26,641 INFO start clear all config-info-tag.

2022-07-03 09:35:26,642 WARN clear all config-info-tag failed.

2022-07-03 09:35:26,642 WARN clear all config-info-tag-tenant failed.

