2022-07-13 06:35:33,178 INFO PERFORMANCE:|4|0|-1|-1

2022-07-13 09:41:56,846 INFO PERFORMANCE:|4|0|-1|-1

2022-07-13 09:46:56,850 INFO PERFORMANCE:|4|0|-1|-1

2022-07-13 09:51:56,856 INFO PERFORMANCE:|4|0|-1|-1

2022-07-13 09:56:56,862 INFO PERFORMANCE:|4|0|-1|-1

2022-07-13 10:01:56,864 INFO PERFORMANCE:|4|0|-1|-1

2022-07-13 10:06:56,869 INFO PERFORMANCE:|4|0|-1|-1

2022-07-13 10:11:56,856 INFO PERFORMANCE:|4|0|-1|-1

2022-07-13 10:16:56,856 INFO PERFORMANCE:|4|0|-1|-1

2022-07-13 10:21:56,859 INFO PERFORMANCE:|4|0|-1|-1

2022-07-13 10:26:56,860 INFO PERFORMANCE:|4|0|-1|-1

2022-07-13 10:31:56,860 INFO PERFORMANCE:|4|0|-1|-1

2022-07-13 10:36:56,860 INFO PERFORMANCE:|4|0|-1|-1

2022-07-13 10:41:56,861 INFO PERFORMANCE:|4|0|-1|-1

2022-07-13 10:46:56,861 INFO PERFORMANCE:|4|0|-1|-1

2022-07-13 10:51:56,860 INFO PERFORMANCE:|4|0|-1|-1

2022-07-13 10:56:56,840 INFO PERFORMANCE:|4|0|-1|-1

2022-07-13 11:01:56,837 INFO PERFORMANCE:|4|0|-1|-1

2022-07-13 11:06:56,839 INFO PERFORMANCE:|4|0|-1|-1

2022-07-13 11:11:56,837 INFO PERFORMANCE:|4|0|-1|-1

2022-07-13 11:16:56,836 INFO PERFORMANCE:|4|0|-1|-1

2022-07-13 11:21:56,881 INFO PERFORMANCE:|4|0|-1|-1

2022-07-13 11:26:56,887 INFO PERFORMANCE:|4|0|-1|-1

2022-07-13 11:31:56,889 INFO PERFORMANCE:|4|0|-1|-1

2022-07-13 11:36:56,892 INFO PERFORMANCE:|4|0|-1|-1

2022-07-13 11:41:56,895 INFO PERFORMANCE:|4|0|-1|-1

2022-07-13 11:46:56,930 INFO PERFORMANCE:|4|0|-1|-1

2022-07-13 11:51:56,938 INFO PERFORMANCE:|4|0|-1|-1

2022-07-13 11:56:56,942 INFO PERFORMANCE:|4|0|-1|-1

2022-07-13 12:01:56,945 INFO PERFORMANCE:|4|0|-1|-1

2022-07-13 12:06:56,952 INFO PERFORMANCE:|4|0|-1|-1

2022-07-13 12:11:56,938 INFO PERFORMANCE:|4|0|-1|-1

2022-07-13 12:16:56,945 INFO PERFORMANCE:|4|0|-1|-1

2022-07-13 12:21:56,947 INFO PERFORMANCE:|4|0|-1|-1

2022-07-13 12:26:56,955 INFO PERFORMANCE:|4|0|-1|-1

2022-07-13 12:31:56,961 INFO PERFORMANCE:|4|0|-1|-1

2022-07-13 12:36:56,967 INFO PERFORMANCE:|4|0|-1|-1

2022-07-13 12:41:56,945 INFO PERFORMANCE:|4|0|-1|-1

2022-07-13 13:51:47,200 INFO PERFORMANCE:|4|0|-1|-1

2022-07-13 15:33:38,534 INFO PERFORMANCE:|4|0|-1|-1

2022-07-13 15:45:58,448 INFO PERFORMANCE:|4|0|-1|-1

2022-07-13 15:50:58,450 INFO PERFORMANCE:|4|0|-1|-1

2022-07-13 15:55:58,455 INFO PERFORMANCE:|4|0|-1|-1

2022-07-13 16:00:58,460 INFO PERFORMANCE:|4|0|-1|-1

2022-07-13 16:05:58,464 INFO PERFORMANCE:|4|0|-1|-1

2022-07-13 16:10:58,426 INFO PERFORMANCE:|4|0|-1|-1

2022-07-13 16:15:58,426 INFO PERFORMANCE:|4|0|-1|-1

2022-07-13 16:20:58,429 INFO PERFORMANCE:|4|0|-1|-1

2022-07-13 16:25:58,427 INFO PERFORMANCE:|4|0|-1|-1

2022-07-13 16:30:58,428 INFO PERFORMANCE:|4|0|-1|-1

2022-07-13 16:35:58,434 INFO PERFORMANCE:|4|0|-1|-1

2022-07-13 16:40:58,436 INFO PERFORMANCE:|4|0|-1|-1

2022-07-13 16:45:58,452 INFO PERFORMANCE:|4|0|-1|-1

2022-07-13 16:50:58,454 INFO PERFORMANCE:|4|0|-1|-1

2022-07-13 16:55:58,460 INFO PERFORMANCE:|4|0|-1|-1

2022-07-13 17:00:58,462 INFO PERFORMANCE:|4|0|-1|-1

2022-07-13 17:05:58,516 INFO PERFORMANCE:|4|0|-1|-1

2022-07-13 17:10:58,520 INFO PERFORMANCE:|4|0|-1|-1

2022-07-13 17:15:58,532 INFO PERFORMANCE:|4|0|-1|-1

2022-07-13 17:20:58,540 INFO PERFORMANCE:|4|0|-1|-1

2022-07-13 17:25:58,543 INFO PERFORMANCE:|4|0|-1|-1

2022-07-13 17:30:58,505 INFO PERFORMANCE:|4|0|-1|-1

2022-07-13 17:35:58,506 INFO PERFORMANCE:|4|0|-1|-1

2022-07-13 17:40:58,506 INFO PERFORMANCE:|4|0|-1|-1

2022-07-13 17:45:58,505 INFO PERFORMANCE:|4|0|-1|-1

2022-07-13 17:50:58,507 INFO PERFORMANCE:|4|0|-1|-1

2022-07-13 17:55:58,510 INFO PERFORMANCE:|4|0|-1|-1

2022-07-13 18:00:58,561 INFO PERFORMANCE:|4|0|-1|-1

2022-07-13 18:05:58,565 INFO PERFORMANCE:|4|0|-1|-1

2022-07-13 18:10:58,572 INFO PERFORMANCE:|4|0|-1|-1

2022-07-13 18:15:58,578 INFO PERFORMANCE:|4|0|-1|-1

2022-07-13 18:20:58,583 INFO PERFORMANCE:|4|0|-1|-1

2022-07-13 18:25:58,595 INFO PERFORMANCE:|4|0|-1|-1

2022-07-13 18:30:58,589 INFO PERFORMANCE:|4|0|-1|-1

2022-07-13 18:35:58,596 INFO PERFORMANCE:|4|0|-1|-1

2022-07-13 18:40:58,598 INFO PERFORMANCE:|4|0|-1|-1

2022-07-13 18:45:58,602 INFO PERFORMANCE:|4|0|-1|-1

2022-07-13 18:50:58,607 INFO PERFORMANCE:|4|0|-1|-1

2022-07-13 18:55:58,614 INFO PERFORMANCE:|4|0|-1|-1

2022-07-13 19:37:37,949 INFO PERFORMANCE:|4|0|-1|-1

2022-07-13 19:42:37,951 INFO PERFORMANCE:|4|0|-1|-1

2022-07-13 19:47:37,952 INFO PERFORMANCE:|4|0|-1|-1

2022-07-13 19:52:37,954 INFO PERFORMANCE:|4|0|-1|-1

2022-07-13 19:57:37,955 INFO PERFORMANCE:|4|0|-1|-1

2022-07-13 20:31:39,423 INFO PERFORMANCE:|4|0|-1|-1

