/Library/Java/JavaVirtualMachines/adoptopenjdk-11.jdk/Contents/Home/bin/java  -Xms512m -Xmx512m -Xmn256m -Dnacos.standalone=true -cp .:/Users/mia/Desktop/project/java/nacos/plugins/cmdb/*.jar:/Users/mia/Desktop/project/java/nacos/plugins/mysql/*.jar -Xlog:gc*:file=/Users/mia/Desktop/project/java/nacos/logs/nacos_gc.log:time,tags:filecount=10,filesize=102400 -Dnacos.home=/Users/mia/Desktop/project/java/nacos -Dloader.path=/Users/mia/Desktop/project/java/nacos/plugins/health -jar /Users/mia/Desktop/project/java/nacos/target/nacos-server.jar  --spring.config.location=classpath:/,classpath:/config/,file:./,file:./config/,file:/Users/mia/Desktop/project/java/nacos/conf/ --logging.config=/Users/mia/Desktop/project/java/nacos/conf/nacos-logback.xml --server.max-http-header-size=524288

         ,--.
       ,--.'|
   ,--,:  : |                                           Nacos 1.1.4
,`--.'`|  ' :                       ,---.               Running in stand alone mode, All function modules
|   :  :  | |                      '   ,'\   .--.--.    Port: 8848
:   |   \ | :  ,--.--.     ,---.  /   /   | /  /    '   Pid: 2726
|   : '  '; | /       \   /     \.   ; ,. :|  :  /`./   Console: http://192.168.1.128:8848/nacos/index.html
'   ' ;.    ;.--.  .-. | /    / ''   | |: :|  :  ;_
|   | | \   | \__\/: . ..    ' / '   | .; : \  \    `.      https://nacos.io
'   : |  ; .' ," .--.; |'   ; :__|   :    |  `----.   \
|   | '`--'  /  /  ,.  |'   | '.'|\   \  /  /  /`--'  /
'   : |     ;  :   .'   \   :    : `----'  '--'.     /
;   |.'     |  ,     .-./\   \  /            `--'---'
'---'        `--`---'     `----'

2022-07-03 09:35:20,020 INFO Bean 'org.springframework.security.config.annotation.configuration.ObjectPostProcessorConfiguration' of type [org.springframework.security.config.annotation.configuration.ObjectPostProcessorConfiguration$$EnhancerBySpringCGLIB$$99d1b244] is not eligible for getting processed by all BeanPostProcessors (for example: not eligible for auto-proxying)

2022-07-03 09:35:20,246 INFO Bean 'objectPostProcessor' of type [org.springframework.security.config.annotation.configuration.AutowireBeanFactoryObjectPostProcessor] is not eligible for getting processed by all BeanPostProcessors (for example: not eligible for auto-proxying)

2022-07-03 09:35:20,254 INFO Bean 'org.springframework.security.access.expression.method.DefaultMethodSecurityExpressionHandler@287f94b1' of type [org.springframework.security.access.expression.method.DefaultMethodSecurityExpressionHandler] is not eligible for getting processed by all BeanPostProcessors (for example: not eligible for auto-proxying)

2022-07-03 09:35:20,261 INFO Bean 'org.springframework.security.config.annotation.method.configuration.GlobalMethodSecurityConfiguration' of type [org.springframework.security.config.annotation.method.configuration.GlobalMethodSecurityConfiguration$$EnhancerBySpringCGLIB$$bea654f6] is not eligible for getting processed by all BeanPostProcessors (for example: not eligible for auto-proxying)

2022-07-03 09:35:20,280 INFO Bean 'methodSecurityMetadataSource' of type [org.springframework.security.access.method.DelegatingMethodSecurityMetadataSource] is not eligible for getting processed by all BeanPostProcessors (for example: not eligible for auto-proxying)

2022-07-03 09:35:21,347 INFO Tomcat initialized with port(s): 8848 (http)

2022-07-03 09:35:21,724 INFO Root WebApplicationContext: initialization completed in 10376 ms

2022-07-03 09:35:27,660 INFO Initializing ExecutorService 'applicationTaskExecutor'

2022-07-03 09:35:28,014 INFO Adding welcome page: class path resource [static/index.html]

2022-07-03 09:35:28,968 INFO Creating filter chain: Ant [pattern='/'], []

2022-07-03 09:35:28,969 INFO Creating filter chain: Ant [pattern='/**/*.css'], []

2022-07-03 09:35:28,969 INFO Creating filter chain: Ant [pattern='/**/*.js'], []

2022-07-03 09:35:28,969 INFO Creating filter chain: Ant [pattern='/**/*.html'], []

2022-07-03 09:35:28,969 INFO Creating filter chain: Ant [pattern='/**/*.map'], []

2022-07-03 09:35:28,969 INFO Creating filter chain: Ant [pattern='/**/*.svg'], []

2022-07-03 09:35:28,969 INFO Creating filter chain: Ant [pattern='/**/*.png'], []

2022-07-03 09:35:28,969 INFO Creating filter chain: Ant [pattern='/**/*.ico'], []

2022-07-03 09:35:28,969 INFO Creating filter chain: Ant [pattern='/console-fe/public/**'], []

2022-07-03 09:35:28,969 INFO Creating filter chain: Ant [pattern='/v1/auth/login'], []

2022-07-03 09:35:28,969 INFO Creating filter chain: Ant [pattern='/v1/console/health/**'], []

2022-07-03 09:35:28,969 INFO Creating filter chain: Ant [pattern='/v1/cs/**'], []

2022-07-03 09:35:28,969 INFO Creating filter chain: Ant [pattern='/v1/ns/**'], []

2022-07-03 09:35:28,969 INFO Creating filter chain: Ant [pattern='/v1/cmdb/**'], []

2022-07-03 09:35:28,969 INFO Creating filter chain: Ant [pattern='/actuator/**'], []

2022-07-03 09:35:28,969 INFO Creating filter chain: Ant [pattern='/v1/console/server/**'], []

2022-07-03 09:35:29,078 INFO Creating filter chain: any request, [org.springframework.security.web.context.request.async.WebAsyncManagerIntegrationFilter@7316523a, org.springframework.security.web.context.SecurityContextPersistenceFilter@239f017e, org.springframework.security.web.header.HeaderWriterFilter@2d85fb64, org.springframework.security.web.authentication.logout.LogoutFilter@64dae3b7, com.alibaba.nacos.console.filter.JwtAuthenticationTokenFilter@33a55bd8, org.springframework.security.web.savedrequest.RequestCacheAwareFilter@772caabe, org.springframework.security.web.servletapi.SecurityContextHolderAwareRequestFilter@2db2a05f, org.springframework.security.web.authentication.AnonymousAuthenticationFilter@73a8e994, org.springframework.security.web.session.SessionManagementFilter@45b15381, org.springframework.security.web.access.ExceptionTranslationFilter@777d0bc3, org.springframework.security.web.access.intercept.FilterSecurityInterceptor@784223e9]

2022-07-03 09:35:29,361 INFO Exposing 2 endpoint(s) beneath base path '/actuator'

2022-07-03 09:35:29,416 INFO Initializing ExecutorService 'taskScheduler'

2022-07-03 09:35:29,635 INFO Tomcat started on port(s): 8848 (http) with context path '/nacos'

2022-07-03 09:35:29,647 INFO Nacos Log files: /Users/mia/Desktop/project/java/nacos/logs/

2022-07-03 09:35:29,647 INFO Nacos Conf files: /Users/mia/Desktop/project/java/nacos/conf/

2022-07-03 09:35:29,647 INFO Nacos Data files: /Users/mia/Desktop/project/java/nacos/data/

2022-07-03 09:35:29,647 INFO Nacos started successfully in stand alone mode.

2022-07-03 09:35:31,547 INFO Initializing Servlet 'dispatcherServlet'

2022-07-03 09:35:31,588 INFO Completed initialization in 40 ms

