2022-06-24 01:55:36,004 INFO [capacityManagement] start correct usage

2022-06-24 01:55:36,004 WARN clearConfigHistory start

2022-06-24 01:55:36,043 INFO [capacityManagement] end correct usage, cost: 0s

2022-06-24 10:10:41,542 WARN clearConfigHistory start

2022-06-24 10:10:41,547 INFO [capacityManagement] start correct usage

2022-06-24 10:10:41,564 INFO [capacityManagement] end correct usage, cost: 0s

2022-06-24 10:20:41,569 WARN clearConfigHistory start

2022-06-24 10:20:41,569 INFO [capacityManagement] start correct usage

2022-06-24 10:20:41,604 INFO [capacityManagement] end correct usage, cost: 0s

2022-06-24 10:30:41,598 WARN clearConfigHistory start

2022-06-24 10:30:41,607 INFO [capacityManagement] start correct usage

2022-06-24 10:30:41,623 INFO [capacityManagement] end correct usage, cost: 0s

2022-06-24 10:40:41,620 INFO [capacityManagement] start correct usage

2022-06-24 10:40:41,622 WARN clearConfigHistory start

2022-06-24 10:40:41,642 INFO [capacityManagement] end correct usage, cost: 0s

2022-06-24 10:50:41,644 WARN clearConfigHistory start

2022-06-24 10:50:41,646 INFO [capacityManagement] start correct usage

2022-06-24 10:50:41,664 INFO [capacityManagement] end correct usage, cost: 0s

2022-06-24 11:00:41,668 INFO [capacityManagement] start correct usage

2022-06-24 11:00:41,671 WARN clearConfigHistory start

2022-06-24 11:00:41,694 INFO [capacityManagement] end correct usage, cost: 0s

2022-06-24 11:10:41,643 WARN clearConfigHistory start

2022-06-24 11:10:41,646 INFO [capacityManagement] start correct usage

2022-06-24 11:10:41,680 INFO [capacityManagement] end correct usage, cost: 0s

2022-06-24 11:20:41,672 INFO [capacityManagement] start correct usage

2022-06-24 11:20:41,672 WARN clearConfigHistory start

2022-06-24 11:20:41,686 INFO [capacityManagement] end correct usage, cost: 0s

2022-06-24 11:30:41,715 WARN clearConfigHistory start

2022-06-24 11:30:41,716 INFO [capacityManagement] start correct usage

2022-06-24 11:30:41,757 INFO [capacityManagement] end correct usage, cost: 0s

2022-06-24 11:40:41,751 WARN clearConfigHistory start

2022-06-24 11:40:41,756 INFO [capacityManagement] start correct usage

2022-06-24 11:40:41,778 INFO [capacityManagement] end correct usage, cost: 0s

2022-06-24 11:50:41,774 WARN clearConfigHistory start

2022-06-24 11:50:41,780 INFO [capacityManagement] start correct usage

2022-06-24 11:50:41,808 INFO [capacityManagement] end correct usage, cost: 0s

2022-06-24 12:00:41,802 INFO [capacityManagement] start correct usage

2022-06-24 12:00:41,805 WARN clearConfigHistory start

2022-06-24 12:00:41,828 INFO [capacityManagement] end correct usage, cost: 0s

2022-06-24 12:10:41,827 INFO [capacityManagement] start correct usage

2022-06-24 12:10:41,829 WARN clearConfigHistory start

2022-06-24 12:10:41,848 INFO [capacityManagement] end correct usage, cost: 0s

2022-06-24 12:20:41,846 WARN clearConfigHistory start

2022-06-24 12:20:41,848 INFO [capacityManagement] start correct usage

2022-06-24 12:20:41,880 INFO [capacityManagement] end correct usage, cost: 0s

2022-06-24 12:30:41,920 WARN clearConfigHistory start

2022-06-24 12:30:41,920 INFO [capacityManagement] start correct usage

2022-06-24 12:30:41,944 INFO [capacityManagement] end correct usage, cost: 0s

2022-06-24 12:40:41,944 WARN clearConfigHistory start

2022-06-24 12:40:41,949 INFO [capacityManagement] start correct usage

2022-06-24 12:40:41,982 INFO [capacityManagement] end correct usage, cost: 0s

2022-06-24 12:50:42,010 WARN clearConfigHistory start

2022-06-24 12:50:42,010 INFO [capacityManagement] start correct usage

2022-06-24 12:50:42,073 INFO [capacityManagement] end correct usage, cost: 0s

2022-06-24 13:00:42,065 WARN clearConfigHistory start

2022-06-24 13:00:42,083 INFO [capacityManagement] start correct usage

2022-06-24 13:00:42,106 INFO [capacityManagement] end correct usage, cost: 0s

2022-06-24 13:10:42,113 WARN clearConfigHistory start

2022-06-24 13:10:42,116 INFO [capacityManagement] start correct usage

2022-06-24 13:10:42,160 INFO [capacityManagement] end correct usage, cost: 0s

2022-06-24 13:20:42,147 WARN clearConfigHistory start

2022-06-24 13:20:42,162 INFO [capacityManagement] start correct usage

2022-06-24 13:20:42,195 INFO [capacityManagement] end correct usage, cost: 0s

2022-06-24 13:30:42,200 WARN clearConfigHistory start

2022-06-24 13:30:42,204 INFO [capacityManagement] start correct usage

2022-06-24 13:30:42,236 INFO [capacityManagement] end correct usage, cost: 0s

2022-06-24 13:48:20,010 INFO [capacityManagement] start correct usage

2022-06-24 13:48:20,010 WARN clearConfigHistory start

2022-06-24 13:48:20,023 INFO [capacityManagement] end correct usage, cost: 0s

2022-06-24 13:58:20,009 WARN clearConfigHistory start

2022-06-24 13:58:20,015 INFO [capacityManagement] start correct usage

2022-06-24 13:58:20,026 INFO [capacityManagement] end correct usage, cost: 0s

2022-06-24 14:08:20,015 WARN clearConfigHistory start

2022-06-24 14:08:20,020 INFO [capacityManagement] start correct usage

2022-06-24 14:08:20,023 INFO [capacityManagement] end correct usage, cost: 0s

2022-06-24 14:18:20,071 INFO [capacityManagement] start correct usage

2022-06-24 14:18:20,074 WARN clearConfigHistory start

2022-06-24 14:18:20,078 INFO [capacityManagement] end correct usage, cost: 0s

2022-06-24 14:36:13,447 INFO [capacityManagement] start correct usage

2022-06-24 14:36:13,451 WARN clearConfigHistory start

2022-06-24 14:36:13,452 INFO [capacityManagement] end correct usage, cost: 0s

2022-06-24 14:46:13,460 WARN clearConfigHistory start

2022-06-24 14:46:13,461 INFO [capacityManagement] start correct usage

2022-06-24 14:46:13,465 INFO [capacityManagement] end correct usage, cost: 0s

2022-06-24 14:56:13,469 INFO [capacityManagement] start correct usage

2022-06-24 14:56:13,507 INFO [capacityManagement] end correct usage, cost: 0s

2022-06-24 14:56:13,508 WARN clearConfigHistory start

2022-06-24 14:58:54,080 INFO Shutting down ExecutorService 'taskScheduler'

2022-06-24 14:58:54,148 INFO Shutting down ExecutorService 'applicationTaskExecutor'

