2022-06-24 03:15:03,639 INFO PERFORMANCE:|2|0|-1|-1

2022-06-24 10:06:10,325 INFO PERFORMANCE:|2|0|-1|-1

2022-06-24 10:11:10,327 INFO PERFORMANCE:|2|0|-1|-1

2022-06-24 10:16:10,332 INFO PERFORMANCE:|2|0|-1|-1

2022-06-24 10:21:10,340 INFO PERFORMANCE:|2|3|-1|-1

2022-06-24 10:26:10,348 INFO PERFORMANCE:|2|3|-1|-1

2022-06-24 10:31:10,351 INFO PERFORMANCE:|2|3|-1|-1

2022-06-24 10:36:10,356 INFO PERFORMANCE:|2|3|-1|-1

2022-06-24 10:41:10,355 INFO PERFORMANCE:|2|3|-1|-1

2022-06-24 10:46:10,362 INFO PERFORMANCE:|2|3|-1|-1

2022-06-24 10:51:10,368 INFO PERFORMANCE:|2|3|-1|-1

2022-06-24 10:56:10,375 INFO PERFORMANCE:|2|3|-1|-1

2022-06-24 11:01:10,380 INFO PERFORMANCE:|2|3|-1|-1

2022-06-24 11:06:10,337 INFO PERFORMANCE:|2|3|-1|-1

2022-06-24 11:11:10,334 INFO PERFORMANCE:|2|3|-1|-1

2022-06-24 11:16:10,336 INFO PERFORMANCE:|2|3|-1|-1

2022-06-24 11:21:10,339 INFO PERFORMANCE:|2|3|-1|-1

2022-06-24 11:26:10,337 INFO PERFORMANCE:|2|3|-1|-1

2022-06-24 11:31:10,373 INFO PERFORMANCE:|2|3|-1|-1

2022-06-24 11:36:10,373 INFO PERFORMANCE:|2|3|-1|-1

2022-06-24 11:41:10,377 INFO PERFORMANCE:|2|3|-1|-1

2022-06-24 11:46:10,381 INFO PERFORMANCE:|2|3|-1|-1

2022-06-24 11:51:10,389 INFO PERFORMANCE:|2|3|-1|-1

2022-06-24 11:56:10,392 INFO PERFORMANCE:|2|3|-1|-1

2022-06-24 12:01:10,390 INFO PERFORMANCE:|2|3|-1|-1

2022-06-24 12:06:10,397 INFO PERFORMANCE:|2|3|-1|-1

2022-06-24 12:11:10,399 INFO PERFORMANCE:|2|3|-1|-1

2022-06-24 12:16:10,403 INFO PERFORMANCE:|2|3|-1|-1

2022-06-24 12:21:10,411 INFO PERFORMANCE:|2|3|-1|-1

2022-06-24 12:26:10,451 INFO PERFORMANCE:|2|3|-1|-1

2022-06-24 12:31:10,459 INFO PERFORMANCE:|2|3|-1|-1

2022-06-24 12:36:10,465 INFO PERFORMANCE:|2|3|-1|-1

2022-06-24 12:41:10,473 INFO PERFORMANCE:|2|3|-1|-1

2022-06-24 12:46:10,478 INFO PERFORMANCE:|2|3|-1|-1

2022-06-24 12:51:10,509 INFO PERFORMANCE:|2|3|-1|-1

2022-06-24 12:56:10,518 INFO PERFORMANCE:|2|3|-1|-1

2022-06-24 13:01:10,528 INFO PERFORMANCE:|2|3|-1|-1

2022-06-24 13:06:10,534 INFO PERFORMANCE:|2|3|-1|-1

2022-06-24 13:11:10,543 INFO PERFORMANCE:|2|3|-1|-1

2022-06-24 13:16:10,547 INFO PERFORMANCE:|2|3|-1|-1

2022-06-24 13:21:10,555 INFO PERFORMANCE:|2|3|-1|-1

2022-06-24 13:26:10,559 INFO PERFORMANCE:|2|3|-1|-1

2022-06-24 13:31:10,582 INFO PERFORMANCE:|2|0|-1|-1

2022-06-24 13:36:10,589 INFO PERFORMANCE:|2|0|-1|-1

2022-06-24 13:48:48,360 INFO PERFORMANCE:|2|0|-1|-1

2022-06-24 13:53:48,356 INFO PERFORMANCE:|2|0|-1|-1

2022-06-24 13:58:48,360 INFO PERFORMANCE:|2|0|-1|-1

2022-06-24 14:03:48,362 INFO PERFORMANCE:|2|0|-1|-1

2022-06-24 14:08:48,368 INFO PERFORMANCE:|2|0|-1|-1

2022-06-24 14:13:48,372 INFO PERFORMANCE:|2|0|-1|-1

2022-06-24 14:18:48,425 INFO PERFORMANCE:|2|0|-1|-1

2022-06-24 14:23:49,369 INFO PERFORMANCE:|2|0|-1|-1

2022-06-24 14:36:41,807 INFO PERFORMANCE:|2|0|-1|-1

2022-06-24 14:41:41,817 INFO PERFORMANCE:|2|0|-1|-1

2022-06-24 14:46:41,825 INFO PERFORMANCE:|2|0|-1|-1

2022-06-24 14:51:41,833 INFO PERFORMANCE:|2|0|-1|-1

2022-06-24 14:56:41,839 INFO PERFORMANCE:|2|0|-1|-1

