2022-07-02 18:30:28 |WARN  |main |ConfigServicePropertySourceLocator.java:152 |org.springframework.cloud.config.client.ConfigServicePropertySourceLocator |Could not locate PropertySource: I/O error on GET request for "http://localhost:8888/service-cms/default": Connection refused (Connection refused); nested exception is java.net.ConnectException: Connection refused (Connection refused)
2022-07-02 20:04:02 |WARN  |main |ConfigServicePropertySourceLocator.java:152 |org.springframework.cloud.config.client.ConfigServicePropertySourceLocator |Could not locate PropertySource: I/O error on GET request for "http://localhost:8888/service-cms/default": Connection refused (Connection refused); nested exception is java.net.ConnectException: Connection refused (Connection refused)
2022-07-02 20:04:14 |WARN  |main |ConfigServicePropertySourceLocator.java:152 |org.springframework.cloud.config.client.ConfigServicePropertySourceLocator |Could not locate PropertySource: I/O error on GET request for "http://localhost:8888/service-cms/default": Connection refused (Connection refused); nested exception is java.net.ConnectException: Connection refused (Connection refused)
2022-07-02 20:23:26 |WARN  |main |ConfigServicePropertySourceLocator.java:152 |org.springframework.cloud.config.client.ConfigServicePropertySourceLocator |Could not locate PropertySource: I/O error on GET request for "http://localhost:8888/service-cms/default": Connection refused (Connection refused); nested exception is java.net.ConnectException: Connection refused (Connection refused)
2022-07-02 20:23:28 |WARN  |main |URLConfigurationSource.java:121 |com.netflix.config.sources.URLConfigurationSource |No URLs will be polled as dynamic configuration sources.
2022-07-02 20:23:28 |WARN  |main |URLConfigurationSource.java:121 |com.netflix.config.sources.URLConfigurationSource |No URLs will be polled as dynamic configuration sources.
2022-07-02 20:34:53 |WARN  |main |ConfigServicePropertySourceLocator.java:152 |org.springframework.cloud.config.client.ConfigServicePropertySourceLocator |Could not locate PropertySource: I/O error on GET request for "http://localhost:8888/service-cms/default": Connection refused (Connection refused); nested exception is java.net.ConnectException: Connection refused (Connection refused)
2022-07-02 20:34:53 |WARN  |main |AbstractApplicationContext.java:558 |org.springframework.boot.web.servlet.context.AnnotationConfigServletWebServerApplicationContext |Exception encountered during context initialization - cancelling refresh attempt: org.springframework.beans.factory.BeanDefinitionStoreException: Failed to parse configuration class [com.atguigu.guli.service.cms.ServiceCmsApplication]; nested exception is org.springframework.context.annotation.ConflictingBeanDefinitionException: Annotation-specified bean name 'ossFileServiceFallBack' for bean class [com.atguigu.guli.service.edu.feign.fallback.OssFileServiceFallBack] conflicts with existing, non-compatible bean definition of same name and class [com.atguigu.guli.service.cms.feign.fallback.OssFileServiceFallBack]
2022-07-02 20:44:07 |WARN  |main |ConfigServicePropertySourceLocator.java:152 |org.springframework.cloud.config.client.ConfigServicePropertySourceLocator |Could not locate PropertySource: I/O error on GET request for "http://localhost:8888/service-cms/default": Connection refused (Connection refused); nested exception is java.net.ConnectException: Connection refused (Connection refused)
2022-07-02 20:44:07 |WARN  |main |AbstractApplicationContext.java:558 |org.springframework.boot.web.servlet.context.AnnotationConfigServletWebServerApplicationContext |Exception encountered during context initialization - cancelling refresh attempt: org.springframework.beans.factory.BeanDefinitionStoreException: Failed to parse configuration class [com.atguigu.guli.service.cms.ServiceCmsApplication]; nested exception is org.springframework.context.annotation.ConflictingBeanDefinitionException: Annotation-specified bean name 'ossFileServiceFallBack' for bean class [com.atguigu.guli.service.edu.feign.fallback.OssFileServiceFallBack] conflicts with existing, non-compatible bean definition of same name and class [com.atguigu.guli.service.cms.feign.fallback.OssFileServiceFallBack]
2022-07-02 20:48:55 |WARN  |main |ConfigServicePropertySourceLocator.java:152 |org.springframework.cloud.config.client.ConfigServicePropertySourceLocator |Could not locate PropertySource: I/O error on GET request for "http://localhost:8888/service-cms/default": Connection refused (Connection refused); nested exception is java.net.ConnectException: Connection refused (Connection refused)
2022-07-02 20:48:55 |WARN  |main |AbstractApplicationContext.java:558 |org.springframework.boot.web.servlet.context.AnnotationConfigServletWebServerApplicationContext |Exception encountered during context initialization - cancelling refresh attempt: org.springframework.beans.factory.BeanDefinitionStoreException: Failed to parse configuration class [com.atguigu.guli.service.cms.ServiceCmsApplication]; nested exception is org.springframework.context.annotation.ConflictingBeanDefinitionException: Annotation-specified bean name 'ossFileServiceFallBack' for bean class [com.atguigu.guli.service.edu.feign.fallback.OssFileServiceFallBack] conflicts with existing, non-compatible bean definition of same name and class [com.atguigu.guli.service.cms.feign.fallback.OssFileServiceFallBack]
2022-07-02 20:49:51 |WARN  |main |ConfigServicePropertySourceLocator.java:152 |org.springframework.cloud.config.client.ConfigServicePropertySourceLocator |Could not locate PropertySource: I/O error on GET request for "http://localhost:8888/service-cms/default": Connection refused (Connection refused); nested exception is java.net.ConnectException: Connection refused (Connection refused)
2022-07-02 20:49:51 |WARN  |main |AbstractApplicationContext.java:558 |org.springframework.boot.web.servlet.context.AnnotationConfigServletWebServerApplicationContext |Exception encountered during context initialization - cancelling refresh attempt: org.springframework.beans.factory.BeanDefinitionStoreException: Failed to parse configuration class [com.atguigu.guli.service.cms.ServiceCmsApplication]; nested exception is org.springframework.context.annotation.ConflictingBeanDefinitionException: Annotation-specified bean name 'ossFileServiceFallBack' for bean class [com.atguigu.guli.service.edu.feign.fallback.OssFileServiceFallBack] conflicts with existing, non-compatible bean definition of same name and class [com.atguigu.guli.service.cms.feign.fallback.OssFileServiceFallBack]
2022-07-02 20:52:16 |WARN  |main |ConfigServicePropertySourceLocator.java:152 |org.springframework.cloud.config.client.ConfigServicePropertySourceLocator |Could not locate PropertySource: I/O error on GET request for "http://localhost:8888/service-cms/default": Connection refused (Connection refused); nested exception is java.net.ConnectException: Connection refused (Connection refused)
2022-07-02 20:52:16 |WARN  |main |AbstractApplicationContext.java:558 |org.springframework.boot.web.servlet.context.AnnotationConfigServletWebServerApplicationContext |Exception encountered during context initialization - cancelling refresh attempt: org.springframework.beans.factory.BeanDefinitionStoreException: Failed to parse configuration class [com.atguigu.guli.service.cms.ServiceCmsApplication]; nested exception is org.springframework.context.annotation.ConflictingBeanDefinitionException: Annotation-specified bean name 'ossFileServiceFallBack' for bean class [com.atguigu.guli.service.edu.feign.fallback.OssFileServiceFallBack] conflicts with existing, non-compatible bean definition of same name and class [com.atguigu.guli.service.cms.feign.fallback.OssFileServiceFallBack]
2022-07-02 20:54:26 |WARN  |main |ConfigServicePropertySourceLocator.java:152 |org.springframework.cloud.config.client.ConfigServicePropertySourceLocator |Could not locate PropertySource: I/O error on GET request for "http://localhost:8888/service-cms/default": Connection refused (Connection refused); nested exception is java.net.ConnectException: Connection refused (Connection refused)
2022-07-02 20:54:26 |WARN  |main |AbstractApplicationContext.java:558 |org.springframework.boot.web.servlet.context.AnnotationConfigServletWebServerApplicationContext |Exception encountered during context initialization - cancelling refresh attempt: org.springframework.beans.factory.BeanDefinitionStoreException: Failed to parse configuration class [com.atguigu.guli.service.cms.ServiceCmsApplication]; nested exception is org.springframework.context.annotation.ConflictingBeanDefinitionException: Annotation-specified bean name 'ossFileServiceFallBack' for bean class [com.atguigu.guli.service.edu.feign.fallback.OssFileServiceFallBack] conflicts with existing, non-compatible bean definition of same name and class [com.atguigu.guli.service.cms.feign.fallback.OssFileServiceFallBack]
2022-07-02 20:55:39 |WARN  |main |ConfigServicePropertySourceLocator.java:152 |org.springframework.cloud.config.client.ConfigServicePropertySourceLocator |Could not locate PropertySource: I/O error on GET request for "http://localhost:8888/service-cms/default": Connection refused (Connection refused); nested exception is java.net.ConnectException: Connection refused (Connection refused)
2022-07-02 20:55:39 |WARN  |main |SpringApplication.java:808 |org.springframework.boot.SpringApplication |Unable to close ApplicationContext
java.lang.IllegalStateException: Failed to introspect Class [org.springframework.security.config.annotation.web.configuration.WebSecurityConfiguration] from ClassLoader [sun.misc.Launcher$AppClassLoader@18b4aac2]
	at org.springframework.util.ReflectionUtils.getDeclaredMethods(ReflectionUtils.java:481)
	at org.springframework.util.ReflectionUtils.doWithMethods(ReflectionUtils.java:358)
	at org.springframework.util.ReflectionUtils.getUniqueDeclaredMethods(ReflectionUtils.java:414)
	at org.springframework.beans.factory.support.AbstractAutowireCapableBeanFactory.lambda$getTypeForFactoryMethod$2(AbstractAutowireCapableBeanFactory.java:743)
	at java.util.concurrent.ConcurrentHashMap.computeIfAbsent(ConcurrentHashMap.java:1660)
	at org.springframework.beans.factory.support.AbstractAutowireCapableBeanFactory.getTypeForFactoryMethod(AbstractAutowireCapableBeanFactory.java:742)
	at org.springframework.beans.factory.support.AbstractAutowireCapableBeanFactory.determineTargetType(AbstractAutowireCapableBeanFactory.java:681)
	at org.springframework.beans.factory.support.AbstractAutowireCapableBeanFactory.predictBeanType(AbstractAutowireCapableBeanFactory.java:649)
	at org.springframework.beans.factory.support.AbstractBeanFactory.isFactoryBean(AbstractBeanFactory.java:1604)
	at org.springframework.beans.factory.support.DefaultListableBeanFactory.doGetBeanNamesForType(DefaultListableBeanFactory.java:520)
	at org.springframework.beans.factory.support.DefaultListableBeanFactory.getBeanNamesForType(DefaultListableBeanFactory.java:491)
	at org.springframework.beans.factory.support.DefaultListableBeanFactory.getBeansOfType(DefaultListableBeanFactory.java:613)
	at org.springframework.beans.factory.support.DefaultListableBeanFactory.getBeansOfType(DefaultListableBeanFactory.java:605)
	at org.springframework.context.support.AbstractApplicationContext.getBeansOfType(AbstractApplicationContext.java:1242)
	at org.springframework.boot.SpringApplication.getExitCodeFromMappedException(SpringApplication.java:869)
	at org.springframework.boot.SpringApplication.getExitCodeFromException(SpringApplication.java:857)
	at org.springframework.boot.SpringApplication.handleExitCode(SpringApplication.java:844)
	at org.springframework.boot.SpringApplication.handleRunFailure(SpringApplication.java:795)
	at org.springframework.boot.SpringApplication.run(SpringApplication.java:325)
	at org.springframework.boot.SpringApplication.run(SpringApplication.java:1226)
	at org.springframework.boot.SpringApplication.run(SpringApplication.java:1215)
	at com.atguigu.guli.service.cms.ServiceCmsApplication.main(ServiceCmsApplication.java:18)
Caused by: java.lang.NoClassDefFoundError: org/springframework/security/web/access/WebInvocationPrivilegeEvaluator
	at java.lang.Class.getDeclaredMethods0(Native Method)
	at java.lang.Class.privateGetDeclaredMethods(Class.java:2701)
	at java.lang.Class.getDeclaredMethods(Class.java:1975)
	at org.springframework.util.ReflectionUtils.getDeclaredMethods(ReflectionUtils.java:463)
	... 21 common frames omitted
Caused by: java.lang.ClassNotFoundException: org.springframework.security.web.access.WebInvocationPrivilegeEvaluator
	at java.net.URLClassLoader.findClass(URLClassLoader.java:387)
	at java.lang.ClassLoader.loadClass(ClassLoader.java:418)
	at sun.misc.Launcher$AppClassLoader.loadClass(Launcher.java:352)
	at java.lang.ClassLoader.loadClass(ClassLoader.java:351)
	... 25 common frames omitted
2022-07-02 20:56:20 |WARN  |main |ConfigServicePropertySourceLocator.java:152 |org.springframework.cloud.config.client.ConfigServicePropertySourceLocator |Could not locate PropertySource: I/O error on GET request for "http://localhost:8888/service-cms/default": Connection refused (Connection refused); nested exception is java.net.ConnectException: Connection refused (Connection refused)
2022-07-02 20:56:20 |WARN  |main |SpringApplication.java:808 |org.springframework.boot.SpringApplication |Unable to close ApplicationContext
java.lang.IllegalStateException: Failed to introspect Class [org.springframework.security.config.annotation.web.configuration.WebSecurityConfiguration] from ClassLoader [sun.misc.Launcher$AppClassLoader@18b4aac2]
	at org.springframework.util.ReflectionUtils.getDeclaredMethods(ReflectionUtils.java:481)
	at org.springframework.util.ReflectionUtils.doWithMethods(ReflectionUtils.java:358)
	at org.springframework.util.ReflectionUtils.getUniqueDeclaredMethods(ReflectionUtils.java:414)
	at org.springframework.beans.factory.support.AbstractAutowireCapableBeanFactory.lambda$getTypeForFactoryMethod$2(AbstractAutowireCapableBeanFactory.java:743)
	at java.util.concurrent.ConcurrentHashMap.computeIfAbsent(ConcurrentHashMap.java:1688)
	at org.springframework.beans.factory.support.AbstractAutowireCapableBeanFactory.getTypeForFactoryMethod(AbstractAutowireCapableBeanFactory.java:742)
	at org.springframework.beans.factory.support.AbstractAutowireCapableBeanFactory.determineTargetType(AbstractAutowireCapableBeanFactory.java:681)
	at org.springframework.beans.factory.support.AbstractAutowireCapableBeanFactory.predictBeanType(AbstractAutowireCapableBeanFactory.java:649)
	at org.springframework.beans.factory.support.AbstractBeanFactory.isFactoryBean(AbstractBeanFactory.java:1604)
	at org.springframework.beans.factory.support.DefaultListableBeanFactory.doGetBeanNamesForType(DefaultListableBeanFactory.java:520)
	at org.springframework.beans.factory.support.DefaultListableBeanFactory.getBeanNamesForType(DefaultListableBeanFactory.java:491)
	at org.springframework.beans.factory.support.DefaultListableBeanFactory.getBeansOfType(DefaultListableBeanFactory.java:613)
	at org.springframework.beans.factory.support.DefaultListableBeanFactory.getBeansOfType(DefaultListableBeanFactory.java:605)
	at org.springframework.context.support.AbstractApplicationContext.getBeansOfType(AbstractApplicationContext.java:1242)
	at org.springframework.boot.SpringApplication.getExitCodeFromMappedException(SpringApplication.java:869)
	at org.springframework.boot.SpringApplication.getExitCodeFromException(SpringApplication.java:857)
	at org.springframework.boot.SpringApplication.handleExitCode(SpringApplication.java:844)
	at org.springframework.boot.SpringApplication.handleRunFailure(SpringApplication.java:795)
	at org.springframework.boot.SpringApplication.run(SpringApplication.java:325)
	at org.springframework.boot.SpringApplication.run(SpringApplication.java:1226)
	at org.springframework.boot.SpringApplication.run(SpringApplication.java:1215)
	at com.atguigu.guli.service.cms.ServiceCmsApplication.main(ServiceCmsApplication.java:18)
Caused by: java.lang.NoClassDefFoundError: org/springframework/security/web/access/WebInvocationPrivilegeEvaluator
	at java.lang.Class.getDeclaredMethods0(Native Method)
	at java.lang.Class.privateGetDeclaredMethods(Class.java:2701)
	at java.lang.Class.getDeclaredMethods(Class.java:1975)
	at org.springframework.util.ReflectionUtils.getDeclaredMethods(ReflectionUtils.java:463)
	... 21 common frames omitted
Caused by: java.lang.ClassNotFoundException: org.springframework.security.web.access.WebInvocationPrivilegeEvaluator
	at java.net.URLClassLoader.findClass(URLClassLoader.java:387)
	at java.lang.ClassLoader.loadClass(ClassLoader.java:418)
	at sun.misc.Launcher$AppClassLoader.loadClass(Launcher.java:352)
	at java.lang.ClassLoader.loadClass(ClassLoader.java:351)
	... 25 common frames omitted
2022-07-02 20:56:53 |WARN  |main |ConfigServicePropertySourceLocator.java:152 |org.springframework.cloud.config.client.ConfigServicePropertySourceLocator |Could not locate PropertySource: I/O error on GET request for "http://localhost:8888/service-cms/default": Connection refused (Connection refused); nested exception is java.net.ConnectException: Connection refused (Connection refused)
2022-07-02 20:56:54 |WARN  |main |AbstractApplicationContext.java:558 |org.springframework.boot.web.servlet.context.AnnotationConfigServletWebServerApplicationContext |Exception encountered during context initialization - cancelling refresh attempt: org.springframework.beans.factory.UnsatisfiedDependencyException: Error creating bean with name 'adController': Unsatisfied dependency expressed through field 'adService'; nested exception is org.springframework.beans.factory.UnsatisfiedDependencyException: Error creating bean with name 'adServiceImpl': Unsatisfied dependency expressed through field 'ossFileService'; nested exception is org.springframework.beans.factory.BeanCreationException: Error creating bean with name 'com.atguigu.guli.service.cms.feign.OssFileService': FactoryBean threw exception on object creation; nested exception is org.springframework.beans.factory.NoSuchBeanDefinitionException: No qualifying bean of type 'org.springframework.cloud.openfeign.FeignContext' available
2022-07-02 21:00:41 |WARN  |main |ConfigServicePropertySourceLocator.java:152 |org.springframework.cloud.config.client.ConfigServicePropertySourceLocator |Could not locate PropertySource: I/O error on GET request for "http://localhost:8888/service-cms/default": Connection refused (Connection refused); nested exception is java.net.ConnectException: Connection refused (Connection refused)
2022-07-02 21:00:42 |WARN  |main |AbstractApplicationContext.java:558 |org.springframework.boot.web.servlet.context.AnnotationConfigServletWebServerApplicationContext |Exception encountered during context initialization - cancelling refresh attempt: org.springframework.beans.factory.UnsatisfiedDependencyException: Error creating bean with name 'adController': Unsatisfied dependency expressed through field 'adService'; nested exception is org.springframework.beans.factory.UnsatisfiedDependencyException: Error creating bean with name 'adServiceImpl': Unsatisfied dependency expressed through field 'ossFileService'; nested exception is org.springframework.beans.factory.BeanCreationException: Error creating bean with name 'com.atguigu.guli.service.cms.feign.OssFileService': FactoryBean threw exception on object creation; nested exception is org.springframework.beans.factory.NoSuchBeanDefinitionException: No qualifying bean of type 'org.springframework.cloud.openfeign.FeignContext' available
2022-07-02 21:01:22 |WARN  |main |ConfigServicePropertySourceLocator.java:152 |org.springframework.cloud.config.client.ConfigServicePropertySourceLocator |Could not locate PropertySource: I/O error on GET request for "http://localhost:8888/service-cms/default": Connection refused (Connection refused); nested exception is java.net.ConnectException: Connection refused (Connection refused)
2022-07-02 21:01:23 |WARN  |main |AbstractApplicationContext.java:558 |org.springframework.boot.web.servlet.context.AnnotationConfigServletWebServerApplicationContext |Exception encountered during context initialization - cancelling refresh attempt: org.springframework.beans.factory.UnsatisfiedDependencyException: Error creating bean with name 'adController': Unsatisfied dependency expressed through field 'adService'; nested exception is org.springframework.beans.factory.UnsatisfiedDependencyException: Error creating bean with name 'adServiceImpl': Unsatisfied dependency expressed through field 'ossFileService'; nested exception is org.springframework.beans.factory.BeanCreationException: Error creating bean with name 'com.atguigu.guli.service.cms.feign.OssFileService': FactoryBean threw exception on object creation; nested exception is org.springframework.beans.factory.NoSuchBeanDefinitionException: No qualifying bean of type 'org.springframework.cloud.openfeign.FeignContext' available
2022-07-02 22:04:13 |WARN  |main |ConfigServicePropertySourceLocator.java:152 |org.springframework.cloud.config.client.ConfigServicePropertySourceLocator |Could not locate PropertySource: I/O error on GET request for "http://localhost:8888/service-cms/default": Connection refused (Connection refused); nested exception is java.net.ConnectException: Connection refused (Connection refused)
2022-07-02 22:04:14 |WARN  |main |AbstractApplicationContext.java:558 |org.springframework.boot.web.servlet.context.AnnotationConfigServletWebServerApplicationContext |Exception encountered during context initialization - cancelling refresh attempt: org.springframework.beans.factory.UnsatisfiedDependencyException: Error creating bean with name 'adController': Unsatisfied dependency expressed through field 'adService'; nested exception is org.springframework.beans.factory.UnsatisfiedDependencyException: Error creating bean with name 'adServiceImpl': Unsatisfied dependency expressed through field 'ossFileService'; nested exception is org.springframework.beans.factory.BeanCreationException: Error creating bean with name 'com.atguigu.guli.service.cms.feign.OssFileService': FactoryBean threw exception on object creation; nested exception is java.lang.IllegalStateException: No Feign Client for loadBalancing defined. Did you forget to include spring-cloud-starter-netflix-ribbon?
2022-07-02 22:05:57 |WARN  |main |ConfigServicePropertySourceLocator.java:152 |org.springframework.cloud.config.client.ConfigServicePropertySourceLocator |Could not locate PropertySource: I/O error on GET request for "http://localhost:8888/service-cms/default": Connection refused (Connection refused); nested exception is java.net.ConnectException: Connection refused (Connection refused)
2022-07-02 22:05:57 |WARN  |main |AbstractApplicationContext.java:558 |org.springframework.boot.web.servlet.context.AnnotationConfigServletWebServerApplicationContext |Exception encountered during context initialization - cancelling refresh attempt: org.springframework.beans.factory.UnsatisfiedDependencyException: Error creating bean with name 'adController': Unsatisfied dependency expressed through field 'adService'; nested exception is org.springframework.beans.factory.UnsatisfiedDependencyException: Error creating bean with name 'adServiceImpl': Unsatisfied dependency expressed through field 'ossFileService'; nested exception is org.springframework.beans.factory.BeanCreationException: Error creating bean with name 'com.atguigu.guli.service.cms.feign.OssFileService': FactoryBean threw exception on object creation; nested exception is java.lang.IllegalStateException: No Feign Client for loadBalancing defined. Did you forget to include spring-cloud-starter-netflix-ribbon?
